<?xml version="1.0" encoding="UTF-8"?>
<testsuite name="tests.Login" tests="1" skipped="0" failures="0" errors="0" timestamp="2022-08-01T15:41:08" hostname="LAPTOP-BETKQUU3" time="16.603">
  <properties/>
  <testcase name="loginPositive" classname="tests.Login" time="16.603"/>
  <system-out><![CDATA[]]></system-out>
  <system-err><![CDATA[]]></system-err>
</testsuite>
